# JRE version: OpenJDK Runtime Environment Temurin-17.0.3+7 (17.0.3+7) (build 17.0.3+7)
# Java VM: OpenJDK 64-Bit Server VM Temurin-17.0.3+7 (17.0.3+7, mixed mode, emulated-client, tiered, compressed oops, compressed class ptrs, g1 gc, windows-amd64)
GC Precious Log:
 CPUs: 8 total, 8 available
 Memory: 8043M
 Large Page Support: Disabled
 NUMA Support: Disabled
 Compressed Oops: Enabled (32-bit)
 Heap Region Size: 1M
 Heap Min Capacity: 8M
 Heap Initial Capacity: 126M
 Heap Max Capacity: 2012M
 Pre-touch: Disabled
 Parallel Workers: 8
 Concurrent Workers: 2
 Concurrent Refinement Workers: 8
 Periodic GC: Disabled
Heap:
 garbage-first heap   total 71680K, used 54545K [0x0000000082400000, 0x0000000100000000)
  region size 1024K, 26 young (26624K), 1 survivors (1024K)
 Metaspace       used 67672K, committed 68096K, reserved 1114112K
  class space    used 9224K, committed 9408K, reserved 1048576K
GC Heap History (20 events):
Event: 582.818 GC heap before
{Heap before GC invocations=28 (full 2):
 garbage-first heap   total 71680K, used 52882K [0x0000000082400000, 0x0000000100000000)
  region size 1024K, 30 young (30720K), 0 survivors (0K)
 Metaspace       used 66757K, committed 67200K, reserved 1114112K
  class space    used 9109K, committed 9280K, reserved 1048576K
}
Event: 582.821 GC heap after
{Heap after GC invocations=29 (full 2):
 garbage-first heap   total 71680K, used 25610K [0x0000000082400000, 0x0000000100000000)
  region size 1024K, 3 young (3072K), 3 survivors (3072K)
 Metaspace       used 66757K, committed 67200K, reserved 1114112K
  class space    used 9109K, committed 9280K, reserved 1048576K
}
Event: 583.012 GC heap before
{Heap before GC invocations=29 (full 2):
 garbage-first heap   total 71680K, used 53258K [0x0000000082400000, 0x0000000100000000)
  region size 1024K, 31 young (31744K), 3 survivors (3072K)
 Metaspace       used 66776K, committed 67200K, reserved 1114112K
  class space    used 9111K, committed 9280K, reserved 1048576K
}
Event: 583.014 GC heap after
{Heap after GC invocations=30 (full 2):
 garbage-first heap   total 71680K, used 26744K [0x0000000082400000, 0x0000000100000000)
  region size 1024K, 2 young (2048K), 2 survivors (2048K)
 Metaspace       used 66776K, committed 67200K, reserved 1114112K
  class space    used 9111K, committed 9280K, reserved 1048576K
}
Event: 583.301 GC heap before
{Heap before GC invocations=30 (full 2):
 garbage-first heap   total 71680K, used 54392K [0x0000000082400000, 0x0000000100000000)
  region size 1024K, 29 young (29696K), 2 survivors (2048K)
 Metaspace       used 67632K, committed 68096K, reserved 1114112K
  class space    used 9214K, committed 9408K, reserved 1048576K
}
Event: 583.303 GC heap after
{Heap after GC invocations=31 (full 2):
 garbage-first heap   total 71680K, used 28339K [0x0000000082400000, 0x0000000100000000)
  region size 1024K, 4 young (4096K), 4 survivors (4096K)
 Metaspace       used 67632K, committed 68096K, reserved 1114112K
  class space    used 9214K, committed 9408K, reserved 1048576K
}
Event: 871.320 GC heap before
{Heap before GC invocations=31 (full 2):
 garbage-first heap   total 71680K, used 54963K [0x0000000082400000, 0x0000000100000000)
  region size 1024K, 30 young (30720K), 4 survivors (4096K)
 Metaspace       used 67666K, committed 68096K, reserved 1114112K
  class space    used 9222K, committed 9408K, reserved 1048576K
}
Event: 871.323 GC heap after
{Heap after GC invocations=32 (full 2):
 garbage-first heap   total 71680K, used 29209K [0x0000000082400000, 0x0000000100000000)
  region size 1024K, 3 young (3072K), 3 survivors (3072K)
 Metaspace       used 67666K, committed 68096K, reserved 1114112K
  class space    used 9222K, committed 9408K, reserved 1048576K
}
Event: 2237.480 GC heap before
{Heap before GC invocations=32 (full 2):
 garbage-first heap   total 71680K, used 54809K [0x0000000082400000, 0x0000000100000000)
  region size 1024K, 29 young (29696K), 3 survivors (3072K)
 Metaspace       used 67667K, committed 68096K, reserved 1114112K
  class space    used 9223K, committed 9408K, reserved 1048576K
}
Event: 2237.483 GC heap after
{Heap after GC invocations=33 (full 2):
 garbage-first heap   total 71680K, used 29205K [0x0000000082400000, 0x0000000100000000)
  region size 1024K, 2 young (2048K), 2 survivors (2048K)
 Metaspace       used 67667K, committed 68096K, reserved 1114112K
  class space    used 9223K, committed 9408K, reserved 1048576K
}
Event: 2966.755 GC heap before
{Heap before GC invocations=33 (full 2):
 garbage-first heap   total 71680K, used 55829K [0x0000000082400000, 0x0000000100000000)
  region size 1024K, 28 young (28672K), 2 survivors (2048K)
 Metaspace       used 67668K, committed 68096K, reserved 1114112K
  class space    used 9223K, committed 9408K, reserved 1048576K
}
Event: 2966.757 GC heap after
{Heap after GC invocations=34 (full 2):
 garbage-first heap   total 71680K, used 29644K [0x0000000082400000, 0x0000000100000000)
  region size 1024K, 2 young (2048K), 2 survivors (2048K)
 Metaspace       used 67668K, committed 68096K, reserved 1114112K
  class space    used 9223K, committed 9408K, reserved 1048576K
}
Event: 4128.816 GC heap before
{Heap before GC invocations=34 (full 2):
 garbage-first heap   total 71680K, used 57292K [0x0000000082400000, 0x0000000100000000)
  region size 1024K, 29 young (29696K), 2 survivors (2048K)
 Metaspace       used 67668K, committed 68096K, reserved 1114112K
  class space    used 9223K, committed 9408K, reserved 1048576K
}
Event: 4128.832 GC heap after
{Heap after GC invocations=35 (full 2):
 garbage-first heap   total 71680K, used 29900K [0x0000000082400000, 0x0000000100000000)
  region size 1024K, 3 young (3072K), 3 survivors (3072K)
 Metaspace       used 67668K, committed 68096K, reserved 1114112K
  class space    used 9223K, committed 9408K, reserved 1048576K
}
Event: 5121.516 GC heap before
{Heap before GC invocations=35 (full 2):
 garbage-first heap   total 71680K, used 56524K [0x0000000082400000, 0x0000000100000000)
  region size 1024K, 29 young (29696K), 3 survivors (3072K)
 Metaspace       used 67668K, committed 68096K, reserved 1114112K
  class space    used 9223K, committed 9408K, reserved 1048576K
}
Event: 5121.519 GC heap after
{Heap after GC invocations=36 (full 2):
 garbage-first heap   total 71680K, used 30035K [0x0000000082400000, 0x0000000100000000)
  region size 1024K, 3 young (3072K), 3 survivors (3072K)
 Metaspace       used 67668K, committed 68096K, reserved 1114112K
  class space    used 9223K, committed 9408K, reserved 1048576K
}
Event: 5942.745 GC heap before
{Heap before GC invocations=36 (full 2):
 garbage-first heap   total 71680K, used 57683K [0x0000000082400000, 0x0000000100000000)
  region size 1024K, 30 young (30720K), 3 survivors (3072K)
 Metaspace       used 67668K, committed 68096K, reserved 1114112K
  class space    used 9223K, committed 9408K, reserved 1048576K
}
Event: 5942.749 GC heap after
{Heap after GC invocations=37 (full 2):
 garbage-first heap   total 71680K, used 30236K [0x0000000082400000, 0x0000000100000000)
  region size 1024K, 3 young (3072K), 3 survivors (3072K)
 Metaspace       used 67668K, committed 68096K, reserved 1114112K
  class space    used 9223K, committed 9408K, reserved 1048576K
}
Event: 7332.064 GC heap before
{Heap before GC invocations=37 (full 2):
 garbage-first heap   total 71680K, used 57884K [0x0000000082400000, 0x0000000100000000)
  region size 1024K, 30 young (30720K), 3 survivors (3072K)
 Metaspace       used 67668K, committed 68096K, reserved 1114112K
  class space    used 9223K, committed 9408K, reserved 1048576K
}
Event: 7332.078 GC heap after
{Heap after GC invocations=38 (full 2):
 garbage-first heap   total 71680K, used 29969K [0x0000000082400000, 0x0000000100000000)
  region size 1024K, 1 young (1024K), 1 survivors (1024K)
 Metaspace       used 67668K, committed 68096K, reserved 1114112K
  class space    used 9223K, committed 9408K, reserved 1048576K
}

